Classic Timing Analyzer report for Projeto2
Wed Jun 06 16:16:53 2012
Quartus II Version 9.1 Build 350 03/24/2010 Service Pack 2 SJ Web Edition


---------------------
; Table of Contents ;
---------------------
  1. Legal Notice
  2. Timing Analyzer Summary
  3. Timing Analyzer Settings
  4. Clock Settings Summary
  5. Parallel Compilation
  6. tsu
  7. tco
  8. th
  9. Timing Analyzer Messages



----------------
; Legal Notice ;
----------------
Copyright (C) 1991-2010 Altera Corporation
Your use of Altera Corporation's design tools, logic functions 
and other software and tools, and its AMPP partner logic 
functions, and any output files from any of the foregoing 
(including device programming or simulation files), and any 
associated documentation or information are expressly subject 
to the terms and conditions of the Altera Program License 
Subscription Agreement, Altera MegaCore Function License 
Agreement, or other applicable license agreement, including, 
without limitation, that your use is for the sole purpose of 
programming logic devices manufactured by Altera and sold by 
Altera or its authorized distributors.  Please refer to the 
applicable agreement for further details.



+-------------------------------------------------------------------------------------------------------------------------------------------------------------------------+
; Timing Analyzer Summary                                                                                                                                                 ;
+------------------------------+-------+---------------+-------------+-------------------------+-------------------------+----------------+----------------+--------------+
; Type                         ; Slack ; Required Time ; Actual Time ; From                    ; To                      ; From Clock     ; To Clock       ; Failed Paths ;
+------------------------------+-------+---------------+-------------+-------------------------+-------------------------+----------------+----------------+--------------+
; Worst-case tsu               ; N/A   ; None          ; 3.437 ns    ; Switch[4]               ; registrador:inst|out[5] ; --             ; I2             ; 0            ;
; Worst-case tco               ; N/A   ; None          ; 17.694 ns   ; registrador:inst|out[0] ; unidade5                ; New_Instrution ; --             ; 0            ;
; Worst-case th                ; N/A   ; None          ; -1.284 ns   ; New_Instrution          ; registrador:inst|out[1] ; --             ; New_Instrution ; 0            ;
; Total number of failed paths ;       ;               ;             ;                         ;                         ;                ;                ; 0            ;
+------------------------------+-------+---------------+-------------+-------------------------+-------------------------+----------------+----------------+--------------+


+-----------------------------------------------------------------------------------------------------------------------------------------------------+
; Timing Analyzer Settings                                                                                                                            ;
+------------------------------------------------------------------------------------------------------+--------------------+------+----+-------------+
; Option                                                                                               ; Setting            ; From ; To ; Entity Name ;
+------------------------------------------------------------------------------------------------------+--------------------+------+----+-------------+
; Device Name                                                                                          ; EP2C70F896C6       ;      ;    ;             ;
; Timing Models                                                                                        ; Final              ;      ;    ;             ;
; Default hold multicycle                                                                              ; Same as Multicycle ;      ;    ;             ;
; Cut paths between unrelated clock domains                                                            ; On                 ;      ;    ;             ;
; Cut off read during write signal paths                                                               ; On                 ;      ;    ;             ;
; Cut off feedback from I/O pins                                                                       ; On                 ;      ;    ;             ;
; Report Combined Fast/Slow Timing                                                                     ; Off                ;      ;    ;             ;
; Ignore Clock Settings                                                                                ; Off                ;      ;    ;             ;
; Analyze latches as synchronous elements                                                              ; On                 ;      ;    ;             ;
; Enable Recovery/Removal analysis                                                                     ; Off                ;      ;    ;             ;
; Enable Clock Latency                                                                                 ; Off                ;      ;    ;             ;
; Use TimeQuest Timing Analyzer                                                                        ; Off                ;      ;    ;             ;
; Minimum Core Junction Temperature                                                                    ; 0                  ;      ;    ;             ;
; Maximum Core Junction Temperature                                                                    ; 85                 ;      ;    ;             ;
; Number of source nodes to report per destination node                                                ; 10                 ;      ;    ;             ;
; Number of destination nodes to report                                                                ; 10                 ;      ;    ;             ;
; Number of paths to report                                                                            ; 200                ;      ;    ;             ;
; Report Minimum Timing Checks                                                                         ; Off                ;      ;    ;             ;
; Use Fast Timing Models                                                                               ; Off                ;      ;    ;             ;
; Report IO Paths Separately                                                                           ; Off                ;      ;    ;             ;
; Perform Multicorner Analysis                                                                         ; On                 ;      ;    ;             ;
; Reports the worst-case path for each clock domain and analysis                                       ; Off                ;      ;    ;             ;
; Reports worst-case timing paths for each clock domain and analysis                                   ; On                 ;      ;    ;             ;
; Specifies the maximum number of worst-case timing paths to report for each clock domain and analysis ; 100                ;      ;    ;             ;
; Removes common clock path pessimism (CCPP) during slack computation                                  ; Off                ;      ;    ;             ;
; Output I/O Timing Endpoint                                                                           ; Near End           ;      ;    ;             ;
+------------------------------------------------------------------------------------------------------+--------------------+------+----+-------------+


+------------------------------------------------------------------------------------------------------------------------------------------------------------------------------------+
; Clock Settings Summary                                                                                                                                                             ;
+-----------------+--------------------+----------+------------------+---------------+--------------+----------+-----------------------+---------------------+--------+--------------+
; Clock Node Name ; Clock Setting Name ; Type     ; Fmax Requirement ; Early Latency ; Late Latency ; Based on ; Multiply Base Fmax by ; Divide Base Fmax by ; Offset ; Phase offset ;
+-----------------+--------------------+----------+------------------+---------------+--------------+----------+-----------------------+---------------------+--------+--------------+
; I1              ;                    ; User Pin ; None             ; 0.000 ns      ; 0.000 ns     ; --       ; N/A                   ; N/A                 ; N/A    ;              ;
; I2              ;                    ; User Pin ; None             ; 0.000 ns      ; 0.000 ns     ; --       ; N/A                   ; N/A                 ; N/A    ;              ;
; New_Instrution  ;                    ; User Pin ; None             ; 0.000 ns      ; 0.000 ns     ; --       ; N/A                   ; N/A                 ; N/A    ;              ;
; I0              ;                    ; User Pin ; None             ; 0.000 ns      ; 0.000 ns     ; --       ; N/A                   ; N/A                 ; N/A    ;              ;
+-----------------+--------------------+----------+------------------+---------------+--------------+----------+-----------------------+---------------------+--------+--------------+


Parallel compilation was disabled, but you have multiple processors available. Enable parallel compilation to reduce compilation time.
+-------------------------------------+
; Parallel Compilation                ;
+----------------------------+--------+
; Processors                 ; Number ;
+----------------------------+--------+
; Number detected on machine ; 2      ;
; Maximum allowed            ; 1      ;
+----------------------------+--------+


+-----------------------------------------------------------------------------------------------+
; tsu                                                                                           ;
+-------+--------------+------------+----------------+-------------------------+----------------+
; Slack ; Required tsu ; Actual tsu ; From           ; To                      ; To Clock       ;
+-------+--------------+------------+----------------+-------------------------+----------------+
; N/A   ; None         ; 3.437 ns   ; Switch[4]      ; registrador:inst|out[5] ; I2             ;
; N/A   ; None         ; 3.381 ns   ; Switch[4]      ; registrador:inst|out[5] ; I1             ;
; N/A   ; None         ; 3.336 ns   ; Switch[4]      ; registrador:inst|out[5] ; I0             ;
; N/A   ; None         ; 3.253 ns   ; Switch[3]      ; registrador:inst|out[3] ; I2             ;
; N/A   ; None         ; 3.222 ns   ; Switch[4]      ; registrador:inst|out[5] ; New_Instrution ;
; N/A   ; None         ; 3.197 ns   ; Switch[3]      ; registrador:inst|out[3] ; I1             ;
; N/A   ; None         ; 3.152 ns   ; Switch[3]      ; registrador:inst|out[3] ; I0             ;
; N/A   ; None         ; 3.038 ns   ; Switch[3]      ; registrador:inst|out[3] ; New_Instrution ;
; N/A   ; None         ; 3.003 ns   ; Switch[2]      ; registrador:inst|out[2] ; I2             ;
; N/A   ; None         ; 2.947 ns   ; Switch[2]      ; registrador:inst|out[2] ; I1             ;
; N/A   ; None         ; 2.914 ns   ; Switch[1]      ; registrador:inst|out[1] ; I2             ;
; N/A   ; None         ; 2.902 ns   ; Switch[2]      ; registrador:inst|out[2] ; I0             ;
; N/A   ; None         ; 2.858 ns   ; Switch[1]      ; registrador:inst|out[1] ; I1             ;
; N/A   ; None         ; 2.813 ns   ; Switch[1]      ; registrador:inst|out[1] ; I0             ;
; N/A   ; None         ; 2.788 ns   ; Switch[2]      ; registrador:inst|out[2] ; New_Instrution ;
; N/A   ; None         ; 2.754 ns   ; I1             ; registrador:inst|out[0] ; I2             ;
; N/A   ; None         ; 2.699 ns   ; Switch[1]      ; registrador:inst|out[1] ; New_Instrution ;
; N/A   ; None         ; 2.698 ns   ; I1             ; registrador:inst|out[0] ; I1             ;
; N/A   ; None         ; 2.653 ns   ; I1             ; registrador:inst|out[0] ; I0             ;
; N/A   ; None         ; 2.646 ns   ; New_Instrution ; registrador:inst|out[0] ; I2             ;
; N/A   ; None         ; 2.620 ns   ; New_Instrution ; registrador:inst|out[5] ; I2             ;
; N/A   ; None         ; 2.600 ns   ; I1             ; registrador:inst|out[3] ; I2             ;
; N/A   ; None         ; 2.599 ns   ; I1             ; registrador:inst|out[2] ; I2             ;
; N/A   ; None         ; 2.590 ns   ; New_Instrution ; registrador:inst|out[0] ; I1             ;
; N/A   ; None         ; 2.583 ns   ; Switch[0]      ; registrador:inst|out[0] ; I2             ;
; N/A   ; None         ; 2.564 ns   ; New_Instrution ; registrador:inst|out[5] ; I1             ;
; N/A   ; None         ; 2.560 ns   ; I1             ; registrador:inst|out[5] ; I2             ;
; N/A   ; None         ; 2.545 ns   ; New_Instrution ; registrador:inst|out[0] ; I0             ;
; N/A   ; None         ; 2.544 ns   ; I1             ; registrador:inst|out[3] ; I1             ;
; N/A   ; None         ; 2.543 ns   ; I1             ; registrador:inst|out[2] ; I1             ;
; N/A   ; None         ; 2.539 ns   ; I1             ; registrador:inst|out[0] ; New_Instrution ;
; N/A   ; None         ; 2.527 ns   ; Switch[0]      ; registrador:inst|out[0] ; I1             ;
; N/A   ; None         ; 2.525 ns   ; I1             ; registrador:inst|out[1] ; I2             ;
; N/A   ; None         ; 2.519 ns   ; New_Instrution ; registrador:inst|out[5] ; I0             ;
; N/A   ; None         ; 2.504 ns   ; I1             ; registrador:inst|out[5] ; I1             ;
; N/A   ; None         ; 2.499 ns   ; I1             ; registrador:inst|out[3] ; I0             ;
; N/A   ; None         ; 2.498 ns   ; I1             ; registrador:inst|out[2] ; I0             ;
; N/A   ; None         ; 2.493 ns   ; New_Instrution ; registrador:inst|out[3] ; I2             ;
; N/A   ; None         ; 2.493 ns   ; New_Instrution ; registrador:inst|out[2] ; I2             ;
; N/A   ; None         ; 2.482 ns   ; Switch[0]      ; registrador:inst|out[0] ; I0             ;
; N/A   ; None         ; 2.469 ns   ; I1             ; registrador:inst|out[1] ; I1             ;
; N/A   ; None         ; 2.459 ns   ; I1             ; registrador:inst|out[5] ; I0             ;
; N/A   ; None         ; 2.437 ns   ; New_Instrution ; registrador:inst|out[3] ; I1             ;
; N/A   ; None         ; 2.437 ns   ; New_Instrution ; registrador:inst|out[2] ; I1             ;
; N/A   ; None         ; 2.431 ns   ; New_Instrution ; registrador:inst|out[0] ; New_Instrution ;
; N/A   ; None         ; 2.424 ns   ; I1             ; registrador:inst|out[1] ; I0             ;
; N/A   ; None         ; 2.405 ns   ; New_Instrution ; registrador:inst|out[5] ; New_Instrution ;
; N/A   ; None         ; 2.392 ns   ; New_Instrution ; registrador:inst|out[3] ; I0             ;
; N/A   ; None         ; 2.392 ns   ; New_Instrution ; registrador:inst|out[2] ; I0             ;
; N/A   ; None         ; 2.385 ns   ; I1             ; registrador:inst|out[3] ; New_Instrution ;
; N/A   ; None         ; 2.384 ns   ; I1             ; registrador:inst|out[2] ; New_Instrution ;
; N/A   ; None         ; 2.368 ns   ; Switch[0]      ; registrador:inst|out[0] ; New_Instrution ;
; N/A   ; None         ; 2.345 ns   ; I1             ; registrador:inst|out[5] ; New_Instrution ;
; N/A   ; None         ; 2.316 ns   ; New_Instrution ; registrador:inst|out[1] ; I2             ;
; N/A   ; None         ; 2.310 ns   ; I1             ; registrador:inst|out[1] ; New_Instrution ;
; N/A   ; None         ; 2.278 ns   ; New_Instrution ; registrador:inst|out[3] ; New_Instrution ;
; N/A   ; None         ; 2.278 ns   ; New_Instrution ; registrador:inst|out[2] ; New_Instrution ;
; N/A   ; None         ; 2.260 ns   ; New_Instrution ; registrador:inst|out[1] ; I1             ;
; N/A   ; None         ; 2.215 ns   ; New_Instrution ; registrador:inst|out[1] ; I0             ;
; N/A   ; None         ; 2.101 ns   ; New_Instrution ; registrador:inst|out[1] ; New_Instrution ;
+-------+--------------+------------+----------------+-------------------------+----------------+


+-----------------------------------------------------------------------------------------+
; tco                                                                                     ;
+-------+--------------+------------+-------------------------+----------+----------------+
; Slack ; Required tco ; Actual tco ; From                    ; To       ; From Clock     ;
+-------+--------------+------------+-------------------------+----------+----------------+
; N/A   ; None         ; 17.694 ns  ; registrador:inst|out[0] ; unidade5 ; New_Instrution ;
; N/A   ; None         ; 17.627 ns  ; registrador:inst|out[1] ; unidade5 ; New_Instrution ;
; N/A   ; None         ; 17.599 ns  ; registrador:inst|out[2] ; unidade5 ; New_Instrution ;
; N/A   ; None         ; 17.580 ns  ; registrador:inst|out[0] ; unidade5 ; I0             ;
; N/A   ; None         ; 17.535 ns  ; registrador:inst|out[0] ; unidade5 ; I1             ;
; N/A   ; None         ; 17.513 ns  ; registrador:inst|out[1] ; unidade5 ; I0             ;
; N/A   ; None         ; 17.485 ns  ; registrador:inst|out[2] ; unidade5 ; I0             ;
; N/A   ; None         ; 17.479 ns  ; registrador:inst|out[0] ; unidade5 ; I2             ;
; N/A   ; None         ; 17.468 ns  ; registrador:inst|out[1] ; unidade5 ; I1             ;
; N/A   ; None         ; 17.440 ns  ; registrador:inst|out[2] ; unidade5 ; I1             ;
; N/A   ; None         ; 17.412 ns  ; registrador:inst|out[1] ; unidade5 ; I2             ;
; N/A   ; None         ; 17.384 ns  ; registrador:inst|out[2] ; unidade5 ; I2             ;
; N/A   ; None         ; 17.281 ns  ; registrador:inst|out[3] ; unidade5 ; New_Instrution ;
; N/A   ; None         ; 17.167 ns  ; registrador:inst|out[3] ; unidade5 ; I0             ;
; N/A   ; None         ; 17.122 ns  ; registrador:inst|out[3] ; unidade5 ; I1             ;
; N/A   ; None         ; 17.066 ns  ; registrador:inst|out[3] ; unidade5 ; I2             ;
; N/A   ; None         ; 16.273 ns  ; registrador:inst|out[2] ; dezena2  ; New_Instrution ;
; N/A   ; None         ; 16.254 ns  ; registrador:inst|out[2] ; unidade4 ; New_Instrution ;
; N/A   ; None         ; 16.252 ns  ; registrador:inst|out[2] ; unidade3 ; New_Instrution ;
; N/A   ; None         ; 16.239 ns  ; registrador:inst|out[2] ; unidade2 ; New_Instrution ;
; N/A   ; None         ; 16.159 ns  ; registrador:inst|out[2] ; dezena2  ; I0             ;
; N/A   ; None         ; 16.140 ns  ; registrador:inst|out[2] ; unidade4 ; I0             ;
; N/A   ; None         ; 16.138 ns  ; registrador:inst|out[2] ; unidade3 ; I0             ;
; N/A   ; None         ; 16.125 ns  ; registrador:inst|out[2] ; unidade2 ; I0             ;
; N/A   ; None         ; 16.114 ns  ; registrador:inst|out[2] ; dezena2  ; I1             ;
; N/A   ; None         ; 16.095 ns  ; registrador:inst|out[2] ; unidade4 ; I1             ;
; N/A   ; None         ; 16.093 ns  ; registrador:inst|out[2] ; unidade3 ; I1             ;
; N/A   ; None         ; 16.080 ns  ; registrador:inst|out[2] ; unidade2 ; I1             ;
; N/A   ; None         ; 16.058 ns  ; registrador:inst|out[2] ; dezena2  ; I2             ;
; N/A   ; None         ; 16.039 ns  ; registrador:inst|out[2] ; unidade4 ; I2             ;
; N/A   ; None         ; 16.037 ns  ; registrador:inst|out[2] ; unidade3 ; I2             ;
; N/A   ; None         ; 16.024 ns  ; registrador:inst|out[2] ; unidade2 ; I2             ;
; N/A   ; None         ; 15.977 ns  ; registrador:inst|out[2] ; dezena4  ; New_Instrution ;
; N/A   ; None         ; 15.967 ns  ; registrador:inst|out[2] ; dezena3  ; New_Instrution ;
; N/A   ; None         ; 15.967 ns  ; registrador:inst|out[2] ; dezena7  ; New_Instrution ;
; N/A   ; None         ; 15.935 ns  ; registrador:inst|out[2] ; unidade1 ; New_Instrution ;
; N/A   ; None         ; 15.863 ns  ; registrador:inst|out[2] ; dezena4  ; I0             ;
; N/A   ; None         ; 15.853 ns  ; registrador:inst|out[2] ; dezena3  ; I0             ;
; N/A   ; None         ; 15.853 ns  ; registrador:inst|out[2] ; dezena7  ; I0             ;
; N/A   ; None         ; 15.821 ns  ; registrador:inst|out[2] ; unidade1 ; I0             ;
; N/A   ; None         ; 15.818 ns  ; registrador:inst|out[2] ; dezena4  ; I1             ;
; N/A   ; None         ; 15.808 ns  ; registrador:inst|out[2] ; dezena3  ; I1             ;
; N/A   ; None         ; 15.808 ns  ; registrador:inst|out[2] ; dezena7  ; I1             ;
; N/A   ; None         ; 15.776 ns  ; registrador:inst|out[2] ; unidade1 ; I1             ;
; N/A   ; None         ; 15.771 ns  ; registrador:inst|out[1] ; dezena2  ; New_Instrution ;
; N/A   ; None         ; 15.762 ns  ; registrador:inst|out[2] ; dezena4  ; I2             ;
; N/A   ; None         ; 15.752 ns  ; registrador:inst|out[2] ; dezena3  ; I2             ;
; N/A   ; None         ; 15.752 ns  ; registrador:inst|out[2] ; dezena7  ; I2             ;
; N/A   ; None         ; 15.750 ns  ; registrador:inst|out[1] ; unidade4 ; New_Instrution ;
; N/A   ; None         ; 15.749 ns  ; registrador:inst|out[1] ; unidade3 ; New_Instrution ;
; N/A   ; None         ; 15.736 ns  ; registrador:inst|out[1] ; unidade2 ; New_Instrution ;
; N/A   ; None         ; 15.720 ns  ; registrador:inst|out[2] ; unidade1 ; I2             ;
; N/A   ; None         ; 15.657 ns  ; registrador:inst|out[1] ; dezena2  ; I0             ;
; N/A   ; None         ; 15.636 ns  ; registrador:inst|out[1] ; unidade4 ; I0             ;
; N/A   ; None         ; 15.635 ns  ; registrador:inst|out[1] ; unidade3 ; I0             ;
; N/A   ; None         ; 15.622 ns  ; registrador:inst|out[1] ; unidade2 ; I0             ;
; N/A   ; None         ; 15.612 ns  ; registrador:inst|out[1] ; dezena2  ; I1             ;
; N/A   ; None         ; 15.591 ns  ; registrador:inst|out[1] ; unidade4 ; I1             ;
; N/A   ; None         ; 15.590 ns  ; registrador:inst|out[1] ; unidade3 ; I1             ;
; N/A   ; None         ; 15.577 ns  ; registrador:inst|out[1] ; unidade2 ; I1             ;
; N/A   ; None         ; 15.556 ns  ; registrador:inst|out[1] ; dezena2  ; I2             ;
; N/A   ; None         ; 15.535 ns  ; registrador:inst|out[1] ; unidade4 ; I2             ;
; N/A   ; None         ; 15.534 ns  ; registrador:inst|out[1] ; unidade3 ; I2             ;
; N/A   ; None         ; 15.521 ns  ; registrador:inst|out[1] ; unidade2 ; I2             ;
; N/A   ; None         ; 15.475 ns  ; registrador:inst|out[1] ; dezena4  ; New_Instrution ;
; N/A   ; None         ; 15.465 ns  ; registrador:inst|out[1] ; dezena3  ; New_Instrution ;
; N/A   ; None         ; 15.465 ns  ; registrador:inst|out[1] ; dezena7  ; New_Instrution ;
; N/A   ; None         ; 15.432 ns  ; registrador:inst|out[1] ; unidade1 ; New_Instrution ;
; N/A   ; None         ; 15.361 ns  ; registrador:inst|out[1] ; dezena4  ; I0             ;
; N/A   ; None         ; 15.351 ns  ; registrador:inst|out[1] ; dezena3  ; I0             ;
; N/A   ; None         ; 15.351 ns  ; registrador:inst|out[1] ; dezena7  ; I0             ;
; N/A   ; None         ; 15.318 ns  ; registrador:inst|out[1] ; unidade1 ; I0             ;
; N/A   ; None         ; 15.316 ns  ; registrador:inst|out[1] ; dezena4  ; I1             ;
; N/A   ; None         ; 15.306 ns  ; registrador:inst|out[1] ; dezena3  ; I1             ;
; N/A   ; None         ; 15.306 ns  ; registrador:inst|out[1] ; dezena7  ; I1             ;
; N/A   ; None         ; 15.273 ns  ; registrador:inst|out[1] ; unidade1 ; I1             ;
; N/A   ; None         ; 15.260 ns  ; registrador:inst|out[1] ; dezena4  ; I2             ;
; N/A   ; None         ; 15.250 ns  ; registrador:inst|out[1] ; dezena3  ; I2             ;
; N/A   ; None         ; 15.250 ns  ; registrador:inst|out[1] ; dezena7  ; I2             ;
; N/A   ; None         ; 15.217 ns  ; registrador:inst|out[1] ; unidade1 ; I2             ;
; N/A   ; None         ; 14.623 ns  ; registrador:inst|out[0] ; unidade7 ; New_Instrution ;
; N/A   ; None         ; 14.608 ns  ; registrador:inst|out[3] ; dezena2  ; New_Instrution ;
; N/A   ; None         ; 14.598 ns  ; registrador:inst|out[3] ; unidade4 ; New_Instrution ;
; N/A   ; None         ; 14.595 ns  ; registrador:inst|out[3] ; unidade3 ; New_Instrution ;
; N/A   ; None         ; 14.583 ns  ; registrador:inst|out[3] ; unidade2 ; New_Instrution ;
; N/A   ; None         ; 14.558 ns  ; registrador:inst|out[2] ; unidade7 ; New_Instrution ;
; N/A   ; None         ; 14.528 ns  ; registrador:inst|out[1] ; unidade7 ; New_Instrution ;
; N/A   ; None         ; 14.509 ns  ; registrador:inst|out[0] ; unidade7 ; I0             ;
; N/A   ; None         ; 14.494 ns  ; registrador:inst|out[3] ; dezena2  ; I0             ;
; N/A   ; None         ; 14.484 ns  ; registrador:inst|out[3] ; unidade4 ; I0             ;
; N/A   ; None         ; 14.481 ns  ; registrador:inst|out[3] ; unidade3 ; I0             ;
; N/A   ; None         ; 14.469 ns  ; registrador:inst|out[3] ; unidade2 ; I0             ;
; N/A   ; None         ; 14.464 ns  ; registrador:inst|out[0] ; unidade7 ; I1             ;
; N/A   ; None         ; 14.449 ns  ; registrador:inst|out[3] ; dezena2  ; I1             ;
; N/A   ; None         ; 14.444 ns  ; registrador:inst|out[2] ; unidade7 ; I0             ;
; N/A   ; None         ; 14.439 ns  ; registrador:inst|out[3] ; unidade4 ; I1             ;
; N/A   ; None         ; 14.436 ns  ; registrador:inst|out[3] ; unidade3 ; I1             ;
; N/A   ; None         ; 14.424 ns  ; registrador:inst|out[3] ; unidade2 ; I1             ;
; N/A   ; None         ; 14.414 ns  ; registrador:inst|out[1] ; unidade7 ; I0             ;
; N/A   ; None         ; 14.408 ns  ; registrador:inst|out[0] ; unidade7 ; I2             ;
; N/A   ; None         ; 14.399 ns  ; registrador:inst|out[2] ; unidade7 ; I1             ;
; N/A   ; None         ; 14.393 ns  ; registrador:inst|out[3] ; dezena2  ; I2             ;
; N/A   ; None         ; 14.383 ns  ; registrador:inst|out[3] ; unidade4 ; I2             ;
; N/A   ; None         ; 14.380 ns  ; registrador:inst|out[3] ; unidade3 ; I2             ;
; N/A   ; None         ; 14.369 ns  ; registrador:inst|out[1] ; unidade7 ; I1             ;
; N/A   ; None         ; 14.368 ns  ; registrador:inst|out[3] ; unidade2 ; I2             ;
; N/A   ; None         ; 14.343 ns  ; registrador:inst|out[2] ; unidade7 ; I2             ;
; N/A   ; None         ; 14.313 ns  ; registrador:inst|out[1] ; unidade7 ; I2             ;
; N/A   ; None         ; 14.312 ns  ; registrador:inst|out[3] ; dezena4  ; New_Instrution ;
; N/A   ; None         ; 14.302 ns  ; registrador:inst|out[3] ; dezena3  ; New_Instrution ;
; N/A   ; None         ; 14.302 ns  ; registrador:inst|out[3] ; dezena7  ; New_Instrution ;
; N/A   ; None         ; 14.275 ns  ; registrador:inst|out[3] ; unidade1 ; New_Instrution ;
; N/A   ; None         ; 14.261 ns  ; registrador:inst|out[0] ; unidade6 ; New_Instrution ;
; N/A   ; None         ; 14.210 ns  ; registrador:inst|out[3] ; unidade7 ; New_Instrution ;
; N/A   ; None         ; 14.198 ns  ; registrador:inst|out[2] ; unidade6 ; New_Instrution ;
; N/A   ; None         ; 14.198 ns  ; registrador:inst|out[3] ; dezena4  ; I0             ;
; N/A   ; None         ; 14.188 ns  ; registrador:inst|out[3] ; dezena3  ; I0             ;
; N/A   ; None         ; 14.188 ns  ; registrador:inst|out[3] ; dezena7  ; I0             ;
; N/A   ; None         ; 14.187 ns  ; registrador:inst|out[1] ; unidade6 ; New_Instrution ;
; N/A   ; None         ; 14.161 ns  ; registrador:inst|out[3] ; unidade1 ; I0             ;
; N/A   ; None         ; 14.153 ns  ; registrador:inst|out[3] ; dezena4  ; I1             ;
; N/A   ; None         ; 14.147 ns  ; registrador:inst|out[0] ; unidade6 ; I0             ;
; N/A   ; None         ; 14.143 ns  ; registrador:inst|out[3] ; dezena3  ; I1             ;
; N/A   ; None         ; 14.143 ns  ; registrador:inst|out[3] ; dezena7  ; I1             ;
; N/A   ; None         ; 14.116 ns  ; registrador:inst|out[3] ; unidade1 ; I1             ;
; N/A   ; None         ; 14.102 ns  ; registrador:inst|out[0] ; unidade6 ; I1             ;
; N/A   ; None         ; 14.097 ns  ; registrador:inst|out[3] ; dezena4  ; I2             ;
; N/A   ; None         ; 14.096 ns  ; registrador:inst|out[3] ; unidade7 ; I0             ;
; N/A   ; None         ; 14.087 ns  ; registrador:inst|out[3] ; dezena3  ; I2             ;
; N/A   ; None         ; 14.087 ns  ; registrador:inst|out[3] ; dezena7  ; I2             ;
; N/A   ; None         ; 14.084 ns  ; registrador:inst|out[2] ; unidade6 ; I0             ;
; N/A   ; None         ; 14.073 ns  ; registrador:inst|out[1] ; unidade6 ; I0             ;
; N/A   ; None         ; 14.060 ns  ; registrador:inst|out[3] ; unidade1 ; I2             ;
; N/A   ; None         ; 14.051 ns  ; registrador:inst|out[3] ; unidade7 ; I1             ;
; N/A   ; None         ; 14.046 ns  ; registrador:inst|out[0] ; unidade6 ; I2             ;
; N/A   ; None         ; 14.039 ns  ; registrador:inst|out[2] ; unidade6 ; I1             ;
; N/A   ; None         ; 14.028 ns  ; registrador:inst|out[1] ; unidade6 ; I1             ;
; N/A   ; None         ; 13.995 ns  ; registrador:inst|out[3] ; unidade7 ; I2             ;
; N/A   ; None         ; 13.983 ns  ; registrador:inst|out[2] ; unidade6 ; I2             ;
; N/A   ; None         ; 13.972 ns  ; registrador:inst|out[1] ; unidade6 ; I2             ;
; N/A   ; None         ; 13.848 ns  ; registrador:inst|out[3] ; unidade6 ; New_Instrution ;
; N/A   ; None         ; 13.750 ns  ; registrador:inst|out[0] ; unidade3 ; New_Instrution ;
; N/A   ; None         ; 13.750 ns  ; registrador:inst|out[0] ; unidade4 ; New_Instrution ;
; N/A   ; None         ; 13.735 ns  ; registrador:inst|out[0] ; unidade2 ; New_Instrution ;
; N/A   ; None         ; 13.734 ns  ; registrador:inst|out[3] ; unidade6 ; I0             ;
; N/A   ; None         ; 13.709 ns  ; registrador:inst|out[0] ; unidade0 ; New_Instrution ;
; N/A   ; None         ; 13.689 ns  ; registrador:inst|out[3] ; unidade6 ; I1             ;
; N/A   ; None         ; 13.636 ns  ; registrador:inst|out[0] ; unidade3 ; I0             ;
; N/A   ; None         ; 13.636 ns  ; registrador:inst|out[0] ; unidade4 ; I0             ;
; N/A   ; None         ; 13.633 ns  ; registrador:inst|out[3] ; unidade6 ; I2             ;
; N/A   ; None         ; 13.621 ns  ; registrador:inst|out[0] ; unidade2 ; I0             ;
; N/A   ; None         ; 13.605 ns  ; registrador:inst|out[2] ; unidade0 ; New_Instrution ;
; N/A   ; None         ; 13.595 ns  ; registrador:inst|out[0] ; unidade0 ; I0             ;
; N/A   ; None         ; 13.591 ns  ; registrador:inst|out[0] ; unidade3 ; I1             ;
; N/A   ; None         ; 13.591 ns  ; registrador:inst|out[0] ; unidade4 ; I1             ;
; N/A   ; None         ; 13.589 ns  ; registrador:inst|out[1] ; unidade0 ; New_Instrution ;
; N/A   ; None         ; 13.576 ns  ; registrador:inst|out[0] ; unidade2 ; I1             ;
; N/A   ; None         ; 13.550 ns  ; registrador:inst|out[0] ; unidade0 ; I1             ;
; N/A   ; None         ; 13.535 ns  ; registrador:inst|out[0] ; unidade3 ; I2             ;
; N/A   ; None         ; 13.535 ns  ; registrador:inst|out[0] ; unidade4 ; I2             ;
; N/A   ; None         ; 13.520 ns  ; registrador:inst|out[0] ; unidade2 ; I2             ;
; N/A   ; None         ; 13.494 ns  ; registrador:inst|out[0] ; unidade0 ; I2             ;
; N/A   ; None         ; 13.491 ns  ; registrador:inst|out[2] ; unidade0 ; I0             ;
; N/A   ; None         ; 13.475 ns  ; registrador:inst|out[1] ; unidade0 ; I0             ;
; N/A   ; None         ; 13.446 ns  ; registrador:inst|out[2] ; unidade0 ; I1             ;
; N/A   ; None         ; 13.432 ns  ; registrador:inst|out[0] ; unidade1 ; New_Instrution ;
; N/A   ; None         ; 13.430 ns  ; registrador:inst|out[1] ; unidade0 ; I1             ;
; N/A   ; None         ; 13.390 ns  ; registrador:inst|out[2] ; unidade0 ; I2             ;
; N/A   ; None         ; 13.374 ns  ; registrador:inst|out[1] ; unidade0 ; I2             ;
; N/A   ; None         ; 13.318 ns  ; registrador:inst|out[0] ; unidade1 ; I0             ;
; N/A   ; None         ; 13.296 ns  ; registrador:inst|out[3] ; unidade0 ; New_Instrution ;
; N/A   ; None         ; 13.273 ns  ; registrador:inst|out[0] ; unidade1 ; I1             ;
; N/A   ; None         ; 13.217 ns  ; registrador:inst|out[0] ; unidade1 ; I2             ;
; N/A   ; None         ; 13.182 ns  ; registrador:inst|out[3] ; unidade0 ; I0             ;
; N/A   ; None         ; 13.137 ns  ; registrador:inst|out[3] ; unidade0 ; I1             ;
; N/A   ; None         ; 13.081 ns  ; registrador:inst|out[3] ; unidade0 ; I2             ;
; N/A   ; None         ; 13.025 ns  ; registrador:inst|out[5] ; unidade0 ; New_Instrution ;
; N/A   ; None         ; 12.911 ns  ; registrador:inst|out[5] ; unidade0 ; I0             ;
; N/A   ; None         ; 12.866 ns  ; registrador:inst|out[5] ; unidade0 ; I1             ;
; N/A   ; None         ; 12.810 ns  ; registrador:inst|out[5] ; unidade0 ; I2             ;
+-------+--------------+------------+-------------------------+----------+----------------+


+-----------------------------------------------------------------------------------------------------+
; th                                                                                                  ;
+---------------+-------------+-----------+----------------+-------------------------+----------------+
; Minimum Slack ; Required th ; Actual th ; From           ; To                      ; To Clock       ;
+---------------+-------------+-----------+----------------+-------------------------+----------------+
; N/A           ; None        ; -1.284 ns ; New_Instrution ; registrador:inst|out[1] ; New_Instrution ;
; N/A           ; None        ; -1.398 ns ; New_Instrution ; registrador:inst|out[1] ; I0             ;
; N/A           ; None        ; -1.443 ns ; New_Instrution ; registrador:inst|out[1] ; I1             ;
; N/A           ; None        ; -1.493 ns ; I1             ; registrador:inst|out[1] ; New_Instrution ;
; N/A           ; None        ; -1.499 ns ; New_Instrution ; registrador:inst|out[1] ; I2             ;
; N/A           ; None        ; -1.516 ns ; I1             ; registrador:inst|out[5] ; New_Instrution ;
; N/A           ; None        ; -1.539 ns ; Switch[0]      ; registrador:inst|out[0] ; New_Instrution ;
; N/A           ; None        ; -1.576 ns ; New_Instrution ; registrador:inst|out[5] ; New_Instrution ;
; N/A           ; None        ; -1.599 ns ; New_Instrution ; registrador:inst|out[3] ; New_Instrution ;
; N/A           ; None        ; -1.599 ns ; New_Instrution ; registrador:inst|out[2] ; New_Instrution ;
; N/A           ; None        ; -1.602 ns ; New_Instrution ; registrador:inst|out[0] ; New_Instrution ;
; N/A           ; None        ; -1.607 ns ; I1             ; registrador:inst|out[1] ; I0             ;
; N/A           ; None        ; -1.630 ns ; I1             ; registrador:inst|out[5] ; I0             ;
; N/A           ; None        ; -1.652 ns ; I1             ; registrador:inst|out[1] ; I1             ;
; N/A           ; None        ; -1.653 ns ; Switch[0]      ; registrador:inst|out[0] ; I0             ;
; N/A           ; None        ; -1.675 ns ; I1             ; registrador:inst|out[5] ; I1             ;
; N/A           ; None        ; -1.690 ns ; New_Instrution ; registrador:inst|out[5] ; I0             ;
; N/A           ; None        ; -1.698 ns ; Switch[0]      ; registrador:inst|out[0] ; I1             ;
; N/A           ; None        ; -1.705 ns ; I1             ; registrador:inst|out[2] ; New_Instrution ;
; N/A           ; None        ; -1.706 ns ; I1             ; registrador:inst|out[3] ; New_Instrution ;
; N/A           ; None        ; -1.708 ns ; I1             ; registrador:inst|out[1] ; I2             ;
; N/A           ; None        ; -1.710 ns ; I1             ; registrador:inst|out[0] ; New_Instrution ;
; N/A           ; None        ; -1.713 ns ; New_Instrution ; registrador:inst|out[3] ; I0             ;
; N/A           ; None        ; -1.713 ns ; New_Instrution ; registrador:inst|out[2] ; I0             ;
; N/A           ; None        ; -1.716 ns ; New_Instrution ; registrador:inst|out[0] ; I0             ;
; N/A           ; None        ; -1.731 ns ; I1             ; registrador:inst|out[5] ; I2             ;
; N/A           ; None        ; -1.735 ns ; New_Instrution ; registrador:inst|out[5] ; I1             ;
; N/A           ; None        ; -1.754 ns ; Switch[0]      ; registrador:inst|out[0] ; I2             ;
; N/A           ; None        ; -1.758 ns ; New_Instrution ; registrador:inst|out[3] ; I1             ;
; N/A           ; None        ; -1.758 ns ; New_Instrution ; registrador:inst|out[2] ; I1             ;
; N/A           ; None        ; -1.761 ns ; New_Instrution ; registrador:inst|out[0] ; I1             ;
; N/A           ; None        ; -1.791 ns ; New_Instrution ; registrador:inst|out[5] ; I2             ;
; N/A           ; None        ; -1.814 ns ; New_Instrution ; registrador:inst|out[3] ; I2             ;
; N/A           ; None        ; -1.814 ns ; New_Instrution ; registrador:inst|out[2] ; I2             ;
; N/A           ; None        ; -1.817 ns ; New_Instrution ; registrador:inst|out[0] ; I2             ;
; N/A           ; None        ; -1.819 ns ; I1             ; registrador:inst|out[2] ; I0             ;
; N/A           ; None        ; -1.820 ns ; I1             ; registrador:inst|out[3] ; I0             ;
; N/A           ; None        ; -1.824 ns ; I1             ; registrador:inst|out[0] ; I0             ;
; N/A           ; None        ; -1.864 ns ; I1             ; registrador:inst|out[2] ; I1             ;
; N/A           ; None        ; -1.865 ns ; I1             ; registrador:inst|out[3] ; I1             ;
; N/A           ; None        ; -1.869 ns ; I1             ; registrador:inst|out[0] ; I1             ;
; N/A           ; None        ; -1.882 ns ; Switch[1]      ; registrador:inst|out[1] ; New_Instrution ;
; N/A           ; None        ; -1.920 ns ; I1             ; registrador:inst|out[2] ; I2             ;
; N/A           ; None        ; -1.921 ns ; I1             ; registrador:inst|out[3] ; I2             ;
; N/A           ; None        ; -1.925 ns ; I1             ; registrador:inst|out[0] ; I2             ;
; N/A           ; None        ; -1.996 ns ; Switch[1]      ; registrador:inst|out[1] ; I0             ;
; N/A           ; None        ; -2.041 ns ; Switch[1]      ; registrador:inst|out[1] ; I1             ;
; N/A           ; None        ; -2.097 ns ; Switch[1]      ; registrador:inst|out[1] ; I2             ;
; N/A           ; None        ; -2.109 ns ; Switch[2]      ; registrador:inst|out[2] ; New_Instrution ;
; N/A           ; None        ; -2.223 ns ; Switch[2]      ; registrador:inst|out[2] ; I0             ;
; N/A           ; None        ; -2.268 ns ; Switch[2]      ; registrador:inst|out[2] ; I1             ;
; N/A           ; None        ; -2.324 ns ; Switch[2]      ; registrador:inst|out[2] ; I2             ;
; N/A           ; None        ; -2.359 ns ; Switch[3]      ; registrador:inst|out[3] ; New_Instrution ;
; N/A           ; None        ; -2.393 ns ; Switch[4]      ; registrador:inst|out[5] ; New_Instrution ;
; N/A           ; None        ; -2.473 ns ; Switch[3]      ; registrador:inst|out[3] ; I0             ;
; N/A           ; None        ; -2.507 ns ; Switch[4]      ; registrador:inst|out[5] ; I0             ;
; N/A           ; None        ; -2.518 ns ; Switch[3]      ; registrador:inst|out[3] ; I1             ;
; N/A           ; None        ; -2.552 ns ; Switch[4]      ; registrador:inst|out[5] ; I1             ;
; N/A           ; None        ; -2.574 ns ; Switch[3]      ; registrador:inst|out[3] ; I2             ;
; N/A           ; None        ; -2.608 ns ; Switch[4]      ; registrador:inst|out[5] ; I2             ;
+---------------+-------------+-----------+----------------+-------------------------+----------------+


+--------------------------+
; Timing Analyzer Messages ;
+--------------------------+
Info: *******************************************************************
Info: Running Quartus II Classic Timing Analyzer
    Info: Version 9.1 Build 350 03/24/2010 Service Pack 2 SJ Web Edition
    Info: Processing started: Wed Jun 06 16:16:52 2012
Info: Command: quartus_tan --read_settings_files=off --write_settings_files=off Projeto2 -c Projeto2 --timing_analysis_only
Warning: Timing Analysis is analyzing one or more combinational loops as latches
    Warning: Node "registrador:inst|out[1]" is a latch
    Warning: Node "registrador:inst|out[3]" is a latch
    Warning: Node "registrador:inst|out[2]" is a latch
    Warning: Node "registrador:inst|out[0]" is a latch
    Warning: Node "registrador:inst|out[5]" is a latch
Warning: Found pins functioning as undefined clocks and/or memory enables
    Info: Assuming node "I1" is a latch enable. Will not compute fmax for this pin.
    Info: Assuming node "I2" is a latch enable. Will not compute fmax for this pin.
    Info: Assuming node "New_Instrution" is a latch enable. Will not compute fmax for this pin.
    Info: Assuming node "I0" is a latch enable. Will not compute fmax for this pin.
Warning: Found 1 node(s) in clock paths which may be acting as ripple and/or gated clocks -- node(s) analyzed as buffer(s) resulting in clock skew
    Info: Detected gated clock "UC2:inst9|inst5" as buffer
Info: tsu for register "registrador:inst|out[5]" (data pin = "Switch[4]", clock pin = "I2") is 3.437 ns
    Info: + Longest pin to register delay is 8.768 ns
        Info: 1: + IC(0.000 ns) + CELL(0.812 ns) = 0.812 ns; Loc. = PIN_L8; Fanout = 1; PIN Node = 'Switch[4]'
        Info: 2: + IC(7.104 ns) + CELL(0.150 ns) = 8.066 ns; Loc. = LCCOMB_X48_Y8_N16; Fanout = 1; COMB Node = 'registrador:inst|Mux4~0'
        Info: 3: + IC(0.264 ns) + CELL(0.438 ns) = 8.768 ns; Loc. = LCCOMB_X48_Y8_N26; Fanout = 1; REG Node = 'registrador:inst|out[5]'
        Info: Total cell delay = 1.400 ns ( 15.97 % )
        Info: Total interconnect delay = 7.368 ns ( 84.03 % )
    Info: + Micro setup delay of destination is 0.829 ns
    Info: - Shortest clock path from clock "I2" to destination register is 6.160 ns
        Info: 1: + IC(0.000 ns) + CELL(0.832 ns) = 0.832 ns; Loc. = PIN_AB25; Fanout = 1; CLK Node = 'I2'
        Info: 2: + IC(1.915 ns) + CELL(0.275 ns) = 3.022 ns; Loc. = LCCOMB_X48_Y8_N2; Fanout = 1; COMB Node = 'UC2:inst9|inst5'
        Info: 3: + IC(1.353 ns) + CELL(0.000 ns) = 4.375 ns; Loc. = CLKCTRL_G13; Fanout = 5; COMB Node = 'UC2:inst9|inst5~clkctrl'
        Info: 4: + IC(1.635 ns) + CELL(0.150 ns) = 6.160 ns; Loc. = LCCOMB_X48_Y8_N26; Fanout = 1; REG Node = 'registrador:inst|out[5]'
        Info: Total cell delay = 1.257 ns ( 20.41 % )
        Info: Total interconnect delay = 4.903 ns ( 79.59 % )
Info: tco from clock "New_Instrution" to destination pin "unidade5" through register "registrador:inst|out[0]" is 17.694 ns
    Info: + Longest clock path from clock "New_Instrution" to source register is 6.374 ns
        Info: 1: + IC(0.000 ns) + CELL(0.852 ns) = 0.852 ns; Loc. = PIN_AC27; Fanout = 6; CLK Node = 'New_Instrution'
        Info: 2: + IC(1.966 ns) + CELL(0.419 ns) = 3.237 ns; Loc. = LCCOMB_X48_Y8_N2; Fanout = 1; COMB Node = 'UC2:inst9|inst5'
        Info: 3: + IC(1.353 ns) + CELL(0.000 ns) = 4.590 ns; Loc. = CLKCTRL_G13; Fanout = 5; COMB Node = 'UC2:inst9|inst5~clkctrl'
        Info: 4: + IC(1.634 ns) + CELL(0.150 ns) = 6.374 ns; Loc. = LCCOMB_X48_Y8_N30; Fanout = 8; REG Node = 'registrador:inst|out[0]'
        Info: Total cell delay = 1.421 ns ( 22.29 % )
        Info: Total interconnect delay = 4.953 ns ( 77.71 % )
    Info: + Micro clock to output delay of source is 0.000 ns
    Info: + Longest register to pin delay is 11.320 ns
        Info: 1: + IC(0.000 ns) + CELL(0.000 ns) = 0.000 ns; Loc. = LCCOMB_X48_Y8_N30; Fanout = 8; REG Node = 'registrador:inst|out[0]'
        Info: 2: + IC(0.747 ns) + CELL(0.275 ns) = 1.022 ns; Loc. = LCCOMB_X48_Y8_N0; Fanout = 1; COMB Node = 'BCDecode:inst4|Ram0~2'
        Info: 3: + IC(7.656 ns) + CELL(2.642 ns) = 11.320 ns; Loc. = PIN_F4; Fanout = 0; PIN Node = 'unidade5'
        Info: Total cell delay = 2.917 ns ( 25.77 % )
        Info: Total interconnect delay = 8.403 ns ( 74.23 % )
Info: th for register "registrador:inst|out[1]" (data pin = "New_Instrution", clock pin = "New_Instrution") is -1.284 ns
    Info: + Longest clock path from clock "New_Instrution" to destination register is 6.376 ns
        Info: 1: + IC(0.000 ns) + CELL(0.852 ns) = 0.852 ns; Loc. = PIN_AC27; Fanout = 6; CLK Node = 'New_Instrution'
        Info: 2: + IC(1.966 ns) + CELL(0.419 ns) = 3.237 ns; Loc. = LCCOMB_X48_Y8_N2; Fanout = 1; COMB Node = 'UC2:inst9|inst5'
        Info: 3: + IC(1.353 ns) + CELL(0.000 ns) = 4.590 ns; Loc. = CLKCTRL_G13; Fanout = 5; COMB Node = 'UC2:inst9|inst5~clkctrl'
        Info: 4: + IC(1.636 ns) + CELL(0.150 ns) = 6.376 ns; Loc. = LCCOMB_X48_Y8_N18; Fanout = 9; REG Node = 'registrador:inst|out[1]'
        Info: Total cell delay = 1.421 ns ( 22.29 % )
        Info: Total interconnect delay = 4.955 ns ( 77.71 % )
    Info: + Micro hold delay of destination is 0.000 ns
    Info: - Shortest pin to register delay is 7.660 ns
        Info: 1: + IC(0.000 ns) + CELL(0.852 ns) = 0.852 ns; Loc. = PIN_AC27; Fanout = 6; CLK Node = 'New_Instrution'
        Info: 2: + IC(6.007 ns) + CELL(0.275 ns) = 7.134 ns; Loc. = LCCOMB_X48_Y8_N20; Fanout = 1; COMB Node = 'registrador:inst|Mux1~0'
        Info: 3: + IC(0.251 ns) + CELL(0.275 ns) = 7.660 ns; Loc. = LCCOMB_X48_Y8_N18; Fanout = 9; REG Node = 'registrador:inst|out[1]'
        Info: Total cell delay = 1.402 ns ( 18.30 % )
        Info: Total interconnect delay = 6.258 ns ( 81.70 % )
Info: Quartus II Classic Timing Analyzer was successful. 0 errors, 8 warnings
    Info: Peak virtual memory: 173 megabytes
    Info: Processing ended: Wed Jun 06 16:16:53 2012
    Info: Elapsed time: 00:00:01
    Info: Total CPU time (on all processors): 00:00:01


